<?xml version="1.0" encoding="UTF-8"?>
<!-- Generated by org.testng.reporters.JUnitReportReporter -->
<testsuite skipped="2" hostname="SAYEM" name="testHome.TestPrime" tests="2" failures="0" timestamp="30 Sep 2017 17:10:11 GMT" time="0.000" errors="0">
  <testcase name="Try_Prime_Member" time="0.000" classname="testHome.TestPrime">
    <skipped/>
  </testcase> <!-- Try_Prime_Member -->
  <testcase name="Try_Prime_Member_Plan" time="0.000" classname="testHome.TestPrime">
    <skipped/>
  </testcase> <!-- Try_Prime_Member_Plan -->
</testsuite> <!-- testHome.TestPrime -->
