<?xml version="1.0" encoding="UTF-8"?>
<!-- Generated by org.testng.reporters.JUnitReportReporter -->
<testsuite skipped="1" hostname="SAYEM" name="testHome.TestTodaysDeals" tests="1" failures="0" timestamp="30 Sep 2017 17:10:11 GMT" time="0.000" errors="0">
  <testcase name="TodaysDeals" time="0.000" classname="testHome.TestTodaysDeals">
    <skipped/>
  </testcase> <!-- TodaysDeals -->
</testsuite> <!-- testHome.TestTodaysDeals -->
