<?xml version="1.0" encoding="UTF-8"?>
<!-- Generated by org.testng.reporters.JUnitReportReporter -->
<testsuite skipped="0" hostname="LAPTOP-FFQ1AJ6B" name="home.TestingBankingFunctionalities" tests="1" failures="0" timestamp="01 Oct 2017 22:56:01 GMT" time="25.511" errors="0">
  <testcase name="Test_Mobile_Banking" time="25.511" classname="home.TestingBankingFunctionalities"/>
</testsuite> <!-- home.TestingBankingFunctionalities -->
