<?xml version="1.0" encoding="UTF-8"?>
<!-- Generated by org.testng.reporters.JUnitReportReporter -->
<testsuite skipped="0" hostname="LAPTOP-FFQ1AJ6B" name="TestHome.Test_New_Twitter_Account" tests="1" failures="0" timestamp="18 Sep 2017 23:55:44 GMT" time="40.254" errors="0">
  <testcase name="Create_New_Twitter_Account" time="40.254" classname="TestHome.Test_New_Twitter_Account"/>
</testsuite> <!-- TestHome.Test_New_Twitter_Account -->
