<?xml version="1.0" encoding="UTF-8"?>
<!-- Generated by org.testng.reporters.JUnitReportReporter -->
<testsuite skipped="0" hostname="LAPTOP-FFQ1AJ6B" name="TestHome.TestHomePage" tests="6" failures="0" timestamp="18 Sep 2017 23:55:44 GMT" time="108.211" errors="0">
  <testcase name="TwitterHomePage3" time="19.592" classname="TestHome.TestHomePage"/>
  <testcase name="TwitterHomePage2" time="18.663" classname="TestHome.TestHomePage"/>
  <testcase name="TwitterHomePage6" time="15.348" classname="TestHome.TestHomePage"/>
  <testcase name="TwitterHomePage1" time="16.500" classname="TestHome.TestHomePage"/>
  <testcase name="TwitterHomePage4" time="16.994" classname="TestHome.TestHomePage"/>
  <testcase name="TwitterHomePage5" time="21.114" classname="TestHome.TestHomePage"/>
</testsuite> <!-- TestHome.TestHomePage -->
