<?xml version="1.0" encoding="UTF-8"?>
<!-- Generated by org.testng.reporters.JUnitReportReporter -->
<testsuite skipped="0" hostname="LAPTOP-FFQ1AJ6B" name="TestHome.TestHomePage" tests="6" failures="0" timestamp="18 Sep 2017 20:25:59 GMT" time="94.069" errors="0">
  <testcase name="TwitterHomePage4" time="13.515" classname="TestHome.TestHomePage"/>
  <testcase name="TwitterHomePage1" time="22.221" classname="TestHome.TestHomePage"/>
  <testcase name="TwitterHomePage2" time="13.555" classname="TestHome.TestHomePage"/>
  <testcase name="TwitterHomePage6" time="17.447" classname="TestHome.TestHomePage"/>
  <testcase name="TwitterHomePage3" time="13.201" classname="TestHome.TestHomePage"/>
  <testcase name="TwitterHomePage5" time="14.130" classname="TestHome.TestHomePage"/>
</testsuite> <!-- TestHome.TestHomePage -->
