<?xml version="1.0" encoding="UTF-8"?>
<!-- Generated by org.testng.reporters.JUnitReportReporter -->
<testsuite skipped="0" hostname="LAPTOP-FFQ1AJ6B" name="TestHome.Searching_Test" tests="1" failures="0" timestamp="18 Sep 2017 23:55:44 GMT" time="19.580" errors="0">
  <testcase name="Searching" time="19.580" classname="TestHome.Searching_Test"/>
</testsuite> <!-- TestHome.Searching_Test -->
