<?xml version="1.0" encoding="UTF-8"?>
<!-- Generated by org.testng.reporters.JUnitReportReporter -->
<testsuite skipped="0" hostname="LAPTOP-FFQ1AJ6B" name="Test_Check_Box.Test_CHeckBox" tests="1" failures="0" timestamp="01 Oct 2017 22:57:39 GMT" time="15.370" errors="0">
  <testcase name="Check_Box_example" time="15.370" classname="Test_Check_Box.Test_CHeckBox"/>
</testsuite> <!-- Test_Check_Box.Test_CHeckBox -->
