<?xml version="1.0" encoding="UTF-8"?>
<!-- Generated by org.testng.reporters.JUnitReportReporter -->
<testsuite skipped="0" hostname="LAPTOP-FFQ1AJ6B" name="Test_FAQ_s.Test_frequently_ask_question_Features" tests="1" failures="0" timestamp="01 Oct 2017 22:57:39 GMT" time="19.706" errors="0">
  <testcase name="Features_FAQ_s" time="19.706" classname="Test_FAQ_s.Test_frequently_ask_question_Features"/>
</testsuite> <!-- Test_FAQ_s.Test_frequently_ask_question_Features -->
