<?xml version="1.0" encoding="UTF-8"?>
<!-- Generated by org.testng.reporters.JUnitReportReporter -->
<testsuite skipped="0" hostname="LAPTOP-FFQ1AJ6B" name="Test_Check_Box.Test_CHeckBox" tests="1" failures="0" timestamp="01 Oct 2017 00:17:09 GMT" time="14.107" errors="1">
  <testcase name="Check_Box_example" time="14.107" classname="Test_Check_Box.Test_CHeckBox">
    <error type="java.lang.NoSuchMethodError" message="Check_Box.Atm_Loaction_check_Box.takeScreenShot(Lorg/openqa/selenium/WebDriver;Ljava/lang/String;Ljava/lang/String;)Ljava/lang/String;">
      <![CDATA[java.lang.NoSuchMethodError: Check_Box.Atm_Loaction_check_Box.takeScreenShot(Lorg/openqa/selenium/WebDriver;Ljava/lang/String;Ljava/lang/String;)Ljava/lang/String;
	at Check_Box.Atm_Loaction_check_Box.Check_Box_Option(Atm_Loaction_check_Box.java:75)
	at Test_Check_Box.Test_CHeckBox.Check_Box_example(Test_CHeckBox.java:16)
	at sun.reflect.NativeMethodAccessorImpl.invoke0(Native Method)
	at sun.reflect.NativeMethodAccessorImpl.invoke(NativeMethodAccessorImpl.java:62)
	at sun.reflect.DelegatingMethodAccessorImpl.invoke(DelegatingMethodAccessorImpl.java:43)
	at java.lang.reflect.Method.invoke(Method.java:498)
	at org.testng.internal.MethodInvocationHelper.invokeMethod(MethodInvocationHelper.java:108)
	at org.testng.internal.Invoker.invokeMethod(Invoker.java:661)
	at org.testng.internal.Invoker.invokeTestMethod(Invoker.java:869)
	at org.testng.internal.Invoker.invokeTestMethods(Invoker.java:1193)
	at org.testng.internal.TestMethodWorker.invokeTestMethods(TestMethodWorker.java:126)
	at org.testng.internal.TestMethodWorker.run(TestMethodWorker.java:109)
	at org.testng.TestRunner.privateRun(TestRunner.java:744)
	at org.testng.TestRunner.run(TestRunner.java:602)
	at org.testng.SuiteRunner.runTest(SuiteRunner.java:380)
	at org.testng.SuiteRunner.access$000(SuiteRunner.java:39)
	at org.testng.SuiteRunner$SuiteWorker.run(SuiteRunner.java:414)
	at org.testng.internal.thread.ThreadUtil$1.call(ThreadUtil.java:52)
	at java.util.concurrent.FutureTask.run(FutureTask.java:266)
	at java.util.concurrent.ThreadPoolExecutor.runWorker(ThreadPoolExecutor.java:1142)
	at java.util.concurrent.ThreadPoolExecutor$Worker.run(ThreadPoolExecutor.java:617)
	at java.lang.Thread.run(Thread.java:748)
]]>
    </error>
  </testcase> <!-- Check_Box_example -->
</testsuite> <!-- Test_Check_Box.Test_CHeckBox -->
