<?xml version="1.0" encoding="UTF-8"?>
<!-- Generated by org.testng.reporters.JUnitReportReporter -->
<testsuite skipped="4" hostname="Ibrahims-MacBook-Air.local" name="testWikipedia.testWikiLoginPage" tests="4" failures="0" timestamp="26 Sep 2017 20:34:52 GMT" time="0.000" errors="0">
  <testcase name="getHelpWithLogin" time="0.000" classname="testWikipedia.testWikiLoginPage">
    <skipped/>
  </testcase> <!-- getHelpWithLogin -->
  <testcase name="joinWikiPage" time="0.000" classname="testWikipedia.testWikiLoginPage">
    <skipped/>
  </testcase> <!-- joinWikiPage -->
  <testcase name="ForgetPass" time="0.000" classname="testWikipedia.testWikiLoginPage">
    <skipped/>
  </testcase> <!-- ForgetPass -->
  <testcase name="loggingIn" time="0.000" classname="testWikipedia.testWikiLoginPage">
    <skipped/>
  </testcase> <!-- loggingIn -->
</testsuite> <!-- testWikipedia.testWikiLoginPage -->
