<?xml version="1.0" encoding="UTF-8"?>
<!-- Generated by org.testng.reporters.JUnitReportReporter -->
<testsuite skipped="1" hostname="Ibrahims-MacBook-Air.local" name="testWikipedia.testWikiSearchOption" tests="1" failures="0" timestamp="26 Sep 2017 20:34:57 GMT" time="0.000" errors="0">
  <testcase name="searchOption" time="0.000" classname="testWikipedia.testWikiSearchOption">
    <skipped/>
  </testcase> <!-- searchOption -->
</testsuite> <!-- testWikipedia.testWikiSearchOption -->
