<?xml version="1.0" encoding="UTF-8"?>
<!-- Generated by org.testng.reporters.JUnitReportReporter -->
<testsuite skipped="4" hostname="Ibrahims-MacBook-Air.local" name="testWikipedia.TestWikiMainPage" tests="4" failures="0" timestamp="26 Sep 2017 20:35:07 GMT" time="0.000" errors="0">
  <testcase name="createAccountPage" time="0.000" classname="testWikipedia.TestWikiMainPage">
    <skipped/>
  </testcase> <!-- createAccountPage -->
  <testcase name="loginPage" time="0.000" classname="testWikipedia.TestWikiMainPage">
    <skipped/>
  </testcase> <!-- loginPage -->
  <testcase name="testTalk" time="0.000" classname="testWikipedia.TestWikiMainPage">
    <skipped/>
  </testcase> <!-- testTalk -->
  <testcase name="searchCont" time="0.000" classname="testWikipedia.TestWikiMainPage">
    <skipped/>
  </testcase> <!-- searchCont -->
</testsuite> <!-- testWikipedia.TestWikiMainPage -->
