<?xml version="1.0" encoding="UTF-8" ?>
<testsuite tests="32" failures="1" name="TestSuite" time="62.105" errors="0" skipped="31">
  <properties>
    <property name="idea.version" value="2017.2.5"/>
    <property name="java.runtime.name" value="Java(TM) SE Runtime Environment"/>
    <property name="sun.boot.library.path" value="C:\Program Files\Java\jdk1.8.0_131\jre\bin"/>
    <property name="java.vm.version" value="25.131-b11"/>
    <property name="java.vm.vendor" value="Oracle Corporation"/>
    <property name="maven.multiModuleProjectDirectory" value="C:\Users\SAYEM\Desktop\SayemJava\AutomationFrameworkGroupTwo"/>
    <property name="java.vendor.url" value="http://java.oracle.com/"/>
    <property name="path.separator" value=";"/>
    <property name="guice.disable.misplaced.annotation.check" value="true"/>
    <property name="java.vm.name" value="Java HotSpot(TM) 64-Bit Server VM"/>
    <property name="file.encoding.pkg" value="sun.io"/>
    <property name="user.script" value=""/>
    <property name="user.country" value="US"/>
    <property name="sun.java.launcher" value="SUN_STANDARD"/>
    <property name="sun.os.patch.level" value=""/>
    <property name="java.vm.specification.name" value="Java Virtual Machine Specification"/>
    <property name="user.dir" value="C:\Users\SAYEM\Desktop\SayemJava\AutomationFrameworkGroupTwo"/>
    <property name="java.runtime.version" value="1.8.0_131-b11"/>
    <property name="java.awt.graphicsenv" value="sun.awt.Win32GraphicsEnvironment"/>
    <property name="java.endorsed.dirs" value="C:\Program Files\Java\jdk1.8.0_131\jre\lib\endorsed"/>
    <property name="os.arch" value="amd64"/>
    <property name="java.io.tmpdir" value="C:\Users\SAYEM\AppData\Local\Temp\"/>
    <property name="line.separator" value="
"/>
    <property name="java.vm.specification.vendor" value="Oracle Corporation"/>
    <property name="user.variant" value=""/>
    <property name="os.name" value="Windows 10"/>
    <property name="classworlds.conf" value="C:\Program Files\JetBrains\IntelliJ IDEA Community Edition 2017.2.2\plugins\maven\lib\maven3\bin\m2.conf"/>
    <property name="sun.jnu.encoding" value="Cp1252"/>
    <property name="java.library.path" value="C:\Program Files\Java\jdk1.8.0_131\bin;C:\WINDOWS\Sun\Java\bin;C:\WINDOWS\system32;C:\WINDOWS;C:\Program Files (x86)\Intel\iCLS Client\;C:\Program Files\Intel\iCLS Client\;C:\ProgramData\Oracle\Java\javapath;C:\WINDOWS\system32;C:\WINDOWS;C:\Program Files\Java\jdk1.8.0_131\bin;C:\WINDOWS\system32;C:\WINDOWS;C:\WINDOWS\System32\Wbem;C:\WINDOWS\System32\WindowsPowerShell\v1.0\;C:\Program Files (x86)\Intel\Intel(R) Management Engine Components\DAL;C:\Program Files\Intel\Intel(R) Management Engine Components\DAL;C:\Program Files (x86)\Intel\Intel(R) Management Engine Components\IPT;C:\Program Files\Intel\Intel(R) Management Engine Components\IPT;C:\Program Files\Git\cmd;C:\Program Files\MySQL\MySQL Utilities 1.6\;C:\Program Files\Apache Software Fundation\apache-maven-3.5.0-bin\bin;C:\Program Files\nodejs\;C:\Users\SAYEM\AppData\Local\Android\sdk\platform-tools;C:\Users\SAYEM\AppData\Local\Android\sdk\tools;C:\Users\SAYEM\AppData\Local\Android\sdk\tools\bin;C:\Program Files\nodejs\node_modules\npm\bin;C:\Users\SAYEM\AppData\Local\Programs\Python\Python36\Scripts\;C:\Users\SAYEM\AppData\Local\Programs\Python\Python36\;C:\Users\SAYEM\AppData\Local\Microsoft\WindowsApps;C:\Users\SAYEM\AppData\Local\GitHubDesktop\bin;C:\Program Files\MongoDB\Server\3.4\bin;C:\Users\SAYEM\AppData\Roaming\npm;."/>
    <property name="java.specification.name" value="Java Platform API Specification"/>
    <property name="java.class.version" value="52.0"/>
    <property name="sun.management.compiler" value="HotSpot 64-Bit Tiered Compilers"/>
    <property name="os.version" value="10.0"/>
    <property name="user.home" value="C:\Users\SAYEM"/>
    <property name="user.timezone" value="America/New_York"/>
    <property name="java.awt.printerjob" value="sun.awt.windows.WPrinterJob"/>
    <property name="java.specification.version" value="1.8"/>
    <property name="file.encoding" value="UTF-8"/>
    <property name="user.name" value="SAYEM"/>
    <property name="java.class.path" value="C:\Program Files\JetBrains\IntelliJ IDEA Community Edition 2017.2.2\plugins\maven\lib\maven3\boot\plexus-classworlds-2.5.2.jar;C:\Program Files\JetBrains\IntelliJ IDEA Community Edition 2017.2.2\lib\idea_rt.jar"/>
    <property name="java.vm.specification.version" value="1.8"/>
    <property name="sun.arch.data.model" value="64"/>
    <property name="java.home" value="C:\Program Files\Java\jdk1.8.0_131\jre"/>
    <property name="sun.java.command" value="org.codehaus.classworlds.Launcher -Didea.version=2017.2.5 install"/>
    <property name="java.specification.vendor" value="Oracle Corporation"/>
    <property name="user.language" value="en"/>
    <property name="awt.toolkit" value="sun.awt.windows.WToolkit"/>
    <property name="java.vm.info" value="mixed mode"/>
    <property name="java.version" value="1.8.0_131"/>
    <property name="java.ext.dirs" value="C:\Program Files\Java\jdk1.8.0_131\jre\lib\ext;C:\WINDOWS\Sun\Java\lib\ext"/>
    <property name="sun.boot.class.path" value="C:\Program Files\Java\jdk1.8.0_131\jre\lib\resources.jar;C:\Program Files\Java\jdk1.8.0_131\jre\lib\rt.jar;C:\Program Files\Java\jdk1.8.0_131\jre\lib\sunrsasign.jar;C:\Program Files\Java\jdk1.8.0_131\jre\lib\jsse.jar;C:\Program Files\Java\jdk1.8.0_131\jre\lib\jce.jar;C:\Program Files\Java\jdk1.8.0_131\jre\lib\charsets.jar;C:\Program Files\Java\jdk1.8.0_131\jre\lib\jfr.jar;C:\Program Files\Java\jdk1.8.0_131\jre\classes"/>
    <property name="java.vendor" value="Oracle Corporation"/>
    <property name="maven.home" value="C:\Program Files\JetBrains\IntelliJ IDEA Community Edition 2017.2.2\plugins\maven\lib\maven3"/>
    <property name="file.separator" value="\"/>
    <property name="java.vendor.url.bug" value="http://bugreport.sun.com/bugreport/"/>
    <property name="sun.cpu.endian" value="little"/>
    <property name="sun.io.unicode.encoding" value="UnicodeLittle"/>
    <property name="sun.desktop" value="windows"/>
    <property name="sun.cpu.isalist" value="amd64"/>
  </properties>
  <testcase classname="testWikipedia.TestWikiHome" name="setUp" time="1.935">
    <failure type="java.lang.IllegalArgumentException">java.lang.IllegalArgumentException
	at sun.reflect.NativeMethodAccessorImpl.invoke0(Native Method)
	at sun.reflect.NativeMethodAccessorImpl.invoke(NativeMethodAccessorImpl.java:62)
	at sun.reflect.DelegatingMethodAccessorImpl.invoke(DelegatingMethodAccessorImpl.java:43)
	at java.lang.reflect.Method.invoke(Method.java:498)
	at org.testng.internal.MethodInvocationHelper.invokeMethod(MethodInvocationHelper.java:108)
	at org.testng.internal.Invoker.invokeConfigurationMethod(Invoker.java:523)
	at org.testng.internal.Invoker.invokeConfigurations(Invoker.java:224)
	at org.testng.internal.Invoker.invokeMethod(Invoker.java:599)
	at org.testng.internal.Invoker.invokeTestMethod(Invoker.java:869)
	at org.testng.internal.Invoker.invokeTestMethods(Invoker.java:1193)
	at org.testng.internal.TestMethodWorker.invokeTestMethods(TestMethodWorker.java:126)
	at org.testng.internal.TestMethodWorker.run(TestMethodWorker.java:109)
	at org.testng.TestRunner.privateRun(TestRunner.java:744)
	at org.testng.TestRunner.run(TestRunner.java:602)
	at org.testng.SuiteRunner.runTest(SuiteRunner.java:380)
	at org.testng.SuiteRunner.runSequentially(SuiteRunner.java:375)
	at org.testng.SuiteRunner.privateRun(SuiteRunner.java:340)
	at org.testng.SuiteRunner.run(SuiteRunner.java:289)
	at org.testng.SuiteRunnerWorker.runSuite(SuiteRunnerWorker.java:52)
	at org.testng.SuiteRunnerWorker.run(SuiteRunnerWorker.java:86)
	at org.testng.TestNG.runSuitesSequentially(TestNG.java:1301)
	at org.testng.TestNG.runSuitesLocally(TestNG.java:1226)
	at org.testng.TestNG.runSuites(TestNG.java:1144)
	at org.testng.TestNG.run(TestNG.java:1115)
	at org.apache.maven.surefire.testng.TestNGExecutor.run(TestNGExecutor.java:77)
	at org.apache.maven.surefire.testng.TestNGDirectoryTestSuite.executeMulti(TestNGDirectoryTestSuite.java:159)
	at org.apache.maven.surefire.testng.TestNGDirectoryTestSuite.execute(TestNGDirectoryTestSuite.java:99)
	at org.apache.maven.surefire.testng.TestNGProvider.invoke(TestNGProvider.java:106)
	at sun.reflect.NativeMethodAccessorImpl.invoke0(Native Method)
	at sun.reflect.NativeMethodAccessorImpl.invoke(NativeMethodAccessorImpl.java:62)
	at sun.reflect.DelegatingMethodAccessorImpl.invoke(DelegatingMethodAccessorImpl.java:43)
	at java.lang.reflect.Method.invoke(Method.java:498)
	at org.apache.maven.surefire.util.ReflectionUtils.invokeMethodWithArray(ReflectionUtils.java:189)
	at org.apache.maven.surefire.booter.ProviderFactory$ProviderProxy.invoke(ProviderFactory.java:165)
	at org.apache.maven.surefire.booter.ProviderFactory.invokeProvider(ProviderFactory.java:85)
	at org.apache.maven.surefire.booter.ForkedBooter.runSuitesInProcess(ForkedBooter.java:115)
	at org.apache.maven.surefire.booter.ForkedBooter.main(ForkedBooter.java:75)
</failure>
    <system-out>Configuring TestNG with: org.apache.maven.surefire.testng.conf.TestNG652Configurator@67f89fa3
</system-out>
  </testcase>
  <testcase classname="testWikipedia.TestWikiHome" name="testChn" time="1.936">
    <skipped/>
  </testcase>
  <testcase classname="testWikipedia.TestWikiHome" name="setUp" time="1.936">
    <skipped/>
  </testcase>
  <testcase classname="testWikipedia.TestWikiHome" name="testEng" time="1.936">
    <skipped/>
  </testcase>
  <testcase classname="testWikipedia.TestWikiHome" name="setUp" time="1.937">
    <skipped/>
  </testcase>
  <testcase classname="testWikipedia.TestWikiHome" name="testEsp" time="1.937">
    <skipped/>
  </testcase>
  <testcase classname="testWikipedia.TestWikiHome" name="setUp" time="1.938">
    <skipped/>
  </testcase>
  <testcase classname="testWikipedia.TestWikiHome" name="testFrnch" time="1.938">
    <skipped/>
  </testcase>
  <testcase classname="testWikipedia.TestWikiHome" name="setUp" time="1.938">
    <skipped/>
  </testcase>
  <testcase classname="testWikipedia.TestWikiHome" name="testGrmn" time="1.938">
    <skipped/>
  </testcase>
  <testcase classname="testWikipedia.TestWikiHome" name="setUp" time="1.939">
    <skipped/>
  </testcase>
  <testcase classname="testWikipedia.TestWikiHome" name="testIta" time="1.939">
    <skipped/>
  </testcase>
  <testcase classname="testWikipedia.TestWikiHome" name="setUp" time="1.939">
    <skipped/>
  </testcase>
  <testcase classname="testWikipedia.TestWikiHome" name="testJpn" time="1.939">
    <skipped/>
  </testcase>
  <testcase classname="testWikipedia.TestWikiHome" name="setUp" time="1.94">
    <skipped/>
  </testcase>
  <testcase classname="testWikipedia.TestWikiHome" name="testLangList" time="1.94">
    <skipped/>
  </testcase>
  <testcase classname="testWikipedia.TestWikiHome" name="setUp" time="1.94">
    <skipped/>
  </testcase>
  <testcase classname="testWikipedia.TestWikiHome" name="testPol" time="1.941">
    <skipped/>
  </testcase>
  <testcase classname="testWikipedia.TestWikiHome" name="setUp" time="1.941">
    <skipped/>
  </testcase>
  <testcase classname="testWikipedia.TestWikiHome" name="testPor" time="1.941">
    <skipped/>
  </testcase>
  <testcase classname="testWikipedia.TestWikiHome" name="setUp" time="1.942">
    <skipped/>
  </testcase>
  <testcase classname="testWikipedia.TestWikiHome" name="testRus" time="1.942">
    <skipped/>
  </testcase>
  <testcase classname="testWikipedia.TestWikiMainPage" name="setUp" time="1.944">
    <skipped/>
  </testcase>
  <testcase classname="testWikipedia.TestWikiMainPage" name="createAccountPage" time="1.944">
    <skipped/>
  </testcase>
  <testcase classname="testWikipedia.TestWikiMainPage" name="setUp" time="1.945">
    <skipped/>
  </testcase>
  <testcase classname="testWikipedia.TestWikiMainPage" name="loginPage" time="1.945">
    <skipped/>
  </testcase>
  <testcase classname="testWikipedia.TestWikiMainPage" name="setUp" time="1.945">
    <skipped/>
  </testcase>
  <testcase classname="testWikipedia.TestWikiMainPage" name="searchCont" time="1.945">
    <skipped/>
  </testcase>
  <testcase classname="testWikipedia.TestWikiMainPage" name="setUp" time="1.946">
    <skipped/>
  </testcase>
  <testcase classname="testWikipedia.TestWikiMainPage" name="testTalk" time="1.946">
    <skipped/>
  </testcase>
  <testcase classname="testWikipedia.TestWikiMainPage" name="setUp" time="1.946">
    <skipped/>
  </testcase>
  <testcase classname="testWikipedia.TestWikiMainPage" name="testViewHistorybtn" time="1.947">
    <skipped/>
  </testcase>
</testsuite>