<?xml version="1.0" encoding="UTF-8"?>
<testsuite xmlns:xsi="http://www.w3.org/2001/XMLSchema-instance" xsi:schemaLocation="https://maven.apache.org/surefire/maven-surefire-plugin/xsd/surefire-test-report.xsd" name="TestSuite" time="30.656" tests="42" errors="0" skipped="41" failures="1">
  <properties>
    <property name="idea.version" value="2017.2.4"/>
    <property name="java.runtime.name" value="Java(TM) SE Runtime Environment"/>
    <property name="sun.boot.library.path" value="/Library/Java/JavaVirtualMachines/jdk1.8.0_141.jdk/Contents/Home/jre/lib"/>
    <property name="java.vm.version" value="25.141-b15"/>
    <property name="gopherProxySet" value="false"/>
    <property name="java.vm.vendor" value="Oracle Corporation"/>
    <property name="maven.multiModuleProjectDirectory" value="/Users/ibrahimkhan/IdeaProjects/AutomationFrameworkGroupTwo"/>
    <property name="java.vendor.url" value="http://java.oracle.com/"/>
    <property name="path.separator" value=":"/>
    <property name="guice.disable.misplaced.annotation.check" value="true"/>
    <property name="java.vm.name" value="Java HotSpot(TM) 64-Bit Server VM"/>
    <property name="file.encoding.pkg" value="sun.io"/>
    <property name="user.country" value="US"/>
    <property name="sun.java.launcher" value="SUN_STANDARD"/>
    <property name="sun.os.patch.level" value="unknown"/>
    <property name="java.vm.specification.name" value="Java Virtual Machine Specification"/>
    <property name="user.dir" value="/Users/ibrahimkhan/IdeaProjects/AutomationFrameworkGroupTwo"/>
    <property name="java.runtime.version" value="1.8.0_141-b15"/>
    <property name="java.awt.graphicsenv" value="sun.awt.CGraphicsEnvironment"/>
    <property name="java.endorsed.dirs" value="/Library/Java/JavaVirtualMachines/jdk1.8.0_141.jdk/Contents/Home/jre/lib/endorsed"/>
    <property name="os.arch" value="x86_64"/>
    <property name="java.io.tmpdir" value="/var/folders/gg/rfwdh2352vb6rspct9vgsd3h0000gn/T/"/>
    <property name="line.separator" value="&#10;"/>
    <property name="java.vm.specification.vendor" value="Oracle Corporation"/>
    <property name="os.name" value="Mac OS X"/>
    <property name="classworlds.conf" value="/Applications/IntelliJ IDEA CE.app/Contents/plugins/maven/lib/maven3/bin/m2.conf"/>
    <property name="sun.jnu.encoding" value="UTF-8"/>
    <property name="java.library.path" value="/Users/ibrahimkhan/Library/Java/Extensions:/Library/Java/Extensions:/Network/Library/Java/Extensions:/System/Library/Java/Extensions:/usr/lib/java:."/>
    <property name="java.specification.name" value="Java Platform API Specification"/>
    <property name="java.class.version" value="52.0"/>
    <property name="sun.management.compiler" value="HotSpot 64-Bit Tiered Compilers"/>
    <property name="os.version" value="10.12.6"/>
    <property name="http.nonProxyHosts" value="local|*.local|169.254/16|*.169.254/16"/>
    <property name="user.home" value="/Users/ibrahimkhan"/>
    <property name="user.timezone" value="America/New_York"/>
    <property name="java.awt.printerjob" value="sun.lwawt.macosx.CPrinterJob"/>
    <property name="java.specification.version" value="1.8"/>
    <property name="file.encoding" value="UTF-8"/>
    <property name="user.name" value="ibrahimkhan"/>
    <property name="java.class.path" value="/Applications/IntelliJ IDEA CE.app/Contents/plugins/maven/lib/maven3/boot/plexus-classworlds-2.5.2.jar:/Applications/IntelliJ IDEA CE.app/Contents/lib/idea_rt.jar"/>
    <property name="java.vm.specification.version" value="1.8"/>
    <property name="sun.arch.data.model" value="64"/>
    <property name="java.home" value="/Library/Java/JavaVirtualMachines/jdk1.8.0_141.jdk/Contents/Home/jre"/>
    <property name="sun.java.command" value="org.codehaus.classworlds.Launcher -Didea.version=2017.2.4 install"/>
    <property name="java.specification.vendor" value="Oracle Corporation"/>
    <property name="user.language" value="en"/>
    <property name="awt.toolkit" value="sun.lwawt.macosx.LWCToolkit"/>
    <property name="java.vm.info" value="mixed mode"/>
    <property name="java.version" value="1.8.0_141"/>
    <property name="java.ext.dirs" value="/Users/ibrahimkhan/Library/Java/Extensions:/Library/Java/JavaVirtualMachines/jdk1.8.0_141.jdk/Contents/Home/jre/lib/ext:/Library/Java/Extensions:/Network/Library/Java/Extensions:/System/Library/Java/Extensions:/usr/lib/java"/>
    <property name="sun.boot.class.path" value="/Library/Java/JavaVirtualMachines/jdk1.8.0_141.jdk/Contents/Home/jre/lib/resources.jar:/Library/Java/JavaVirtualMachines/jdk1.8.0_141.jdk/Contents/Home/jre/lib/rt.jar:/Library/Java/JavaVirtualMachines/jdk1.8.0_141.jdk/Contents/Home/jre/lib/sunrsasign.jar:/Library/Java/JavaVirtualMachines/jdk1.8.0_141.jdk/Contents/Home/jre/lib/jsse.jar:/Library/Java/JavaVirtualMachines/jdk1.8.0_141.jdk/Contents/Home/jre/lib/jce.jar:/Library/Java/JavaVirtualMachines/jdk1.8.0_141.jdk/Contents/Home/jre/lib/charsets.jar:/Library/Java/JavaVirtualMachines/jdk1.8.0_141.jdk/Contents/Home/jre/lib/jfr.jar:/Library/Java/JavaVirtualMachines/jdk1.8.0_141.jdk/Contents/Home/jre/classes"/>
    <property name="java.vendor" value="Oracle Corporation"/>
    <property name="maven.home" value="/Applications/IntelliJ IDEA CE.app/Contents/plugins/maven/lib/maven3"/>
    <property name="file.separator" value="/"/>
    <property name="java.vendor.url.bug" value="http://bugreport.sun.com/bugreport/"/>
    <property name="sun.cpu.endian" value="little"/>
    <property name="sun.io.unicode.encoding" value="UnicodeBig"/>
    <property name="socksNonProxyHosts" value="local|*.local|169.254/16|*.169.254/16"/>
    <property name="ftp.nonProxyHosts" value="local|*.local|169.254/16|*.169.254/16"/>
    <property name="sun.cpu.isalist" value=""/>
  </properties>
  <testcase name="setUp" classname="testWikipedia.TestWikiHome" time="0.318">
    <failure type="java.lang.IllegalArgumentException">java.lang.IllegalArgumentException
</failure>
  </testcase>
  <testcase name="setUp" classname="testWikipedia.TestWikiHome" time="0">
    <skipped/>
  </testcase>
  <testcase name="setUp" classname="testWikipedia.TestWikiHome" time="0">
    <skipped/>
  </testcase>
  <testcase name="setUp" classname="testWikipedia.TestWikiHome" time="0">
    <skipped/>
  </testcase>
  <testcase name="setUp" classname="testWikipedia.TestWikiHome" time="0">
    <skipped/>
  </testcase>
  <testcase name="setUp" classname="testWikipedia.TestWikiHome" time="0">
    <skipped/>
  </testcase>
  <testcase name="setUp" classname="testWikipedia.TestWikiHome" time="0">
    <skipped/>
  </testcase>
  <testcase name="setUp" classname="testWikipedia.TestWikiHome" time="0">
    <skipped/>
  </testcase>
  <testcase name="setUp" classname="testWikipedia.TestWikiHome" time="0">
    <skipped/>
  </testcase>
  <testcase name="setUp" classname="testWikipedia.TestWikiHome" time="0">
    <skipped/>
  </testcase>
  <testcase name="setUp" classname="testWikipedia.TestWikiHome" time="0">
    <skipped/>
  </testcase>
  <testcase name="testChn" classname="testWikipedia.TestWikiHome" time="0">
    <skipped/>
  </testcase>
  <testcase name="testEng" classname="testWikipedia.TestWikiHome" time="0">
    <skipped/>
  </testcase>
  <testcase name="testEsp" classname="testWikipedia.TestWikiHome" time="0">
    <skipped/>
  </testcase>
  <testcase name="testFrnch" classname="testWikipedia.TestWikiHome" time="0">
    <skipped/>
  </testcase>
  <testcase name="testGrmn" classname="testWikipedia.TestWikiHome" time="0">
    <skipped/>
  </testcase>
  <testcase name="testIta" classname="testWikipedia.TestWikiHome" time="0">
    <skipped/>
  </testcase>
  <testcase name="testJpn" classname="testWikipedia.TestWikiHome" time="0">
    <skipped/>
  </testcase>
  <testcase name="testLangList" classname="testWikipedia.TestWikiHome" time="0">
    <skipped/>
  </testcase>
  <testcase name="testPol" classname="testWikipedia.TestWikiHome" time="0">
    <skipped/>
  </testcase>
  <testcase name="testPor" classname="testWikipedia.TestWikiHome" time="0">
    <skipped/>
  </testcase>
  <testcase name="testRus" classname="testWikipedia.TestWikiHome" time="0">
    <skipped/>
  </testcase>
  <testcase name="setUp" classname="testWikipedia.testWikiSearchOption" time="0">
    <skipped/>
  </testcase>
  <testcase name="searchOption" classname="testWikipedia.testWikiSearchOption" time="0">
    <skipped/>
  </testcase>
  <testcase name="setUp" classname="testWikipedia.TestWikiMainPage" time="0">
    <skipped/>
  </testcase>
  <testcase name="setUp" classname="testWikipedia.TestWikiMainPage" time="0">
    <skipped/>
  </testcase>
  <testcase name="setUp" classname="testWikipedia.TestWikiMainPage" time="0">
    <skipped/>
  </testcase>
  <testcase name="setUp" classname="testWikipedia.TestWikiMainPage" time="0">
    <skipped/>
  </testcase>
  <testcase name="createAccountPage" classname="testWikipedia.TestWikiMainPage" time="0">
    <skipped/>
  </testcase>
  <testcase name="loginPage" classname="testWikipedia.TestWikiMainPage" time="0">
    <skipped/>
  </testcase>
  <testcase name="searchCont" classname="testWikipedia.TestWikiMainPage" time="0">
    <skipped/>
  </testcase>
  <testcase name="testTalk" classname="testWikipedia.TestWikiMainPage" time="0">
    <skipped/>
  </testcase>
  <testcase name="setUp" classname="testWikipedia.testWikiCreateAccount" time="0">
    <skipped/>
  </testcase>
  <testcase name="loggingIn" classname="testWikipedia.testWikiCreateAccount" time="0">
    <skipped/>
  </testcase>
  <testcase name="setUp" classname="testWikipedia.testWikiLoginPage" time="0">
    <skipped/>
  </testcase>
  <testcase name="setUp" classname="testWikipedia.testWikiLoginPage" time="0">
    <skipped/>
  </testcase>
  <testcase name="setUp" classname="testWikipedia.testWikiLoginPage" time="0">
    <skipped/>
  </testcase>
  <testcase name="setUp" classname="testWikipedia.testWikiLoginPage" time="0">
    <skipped/>
  </testcase>
  <testcase name="ForgetPass" classname="testWikipedia.testWikiLoginPage" time="0">
    <skipped/>
  </testcase>
  <testcase name="getHelpWithLogin" classname="testWikipedia.testWikiLoginPage" time="0">
    <skipped/>
  </testcase>
  <testcase name="joinWikiPage" classname="testWikipedia.testWikiLoginPage" time="0">
    <skipped/>
  </testcase>
  <testcase name="loggingIn" classname="testWikipedia.testWikiLoginPage" time="0">
    <skipped/>
  </testcase>
</testsuite>